<?xml version="1.0" encoding="UTF-8"?>
<!-- Generated by org.testng.reporters.JUnitReportReporter -->
<testsuite hostname="DESKTOP-LAUHH40" failures="0" tests="1" name="TestNGPractice.ExtentReport.ExtentReportPractice" time="4.647" errors="0" timestamp="2022-06-27T17:16:13 AEST" skipped="0">
  <testcase classname="TestNGPractice.ExtentReport.ExtentReportPractice" name="Intitial" time="4.647"/>
  <system-out/>
</testsuite> <!-- TestNGPractice.ExtentReport.ExtentReportPractice -->
